<?xml version="1.0" encoding="UTF-8"?>
<testsuite xmlns:xsi="http://www.w3.org/2001/XMLSchema-instance" xsi:noNamespaceSchemaLocation="https://maven.apache.org/surefire/maven-surefire-plugin/xsd/surefire-test-report.xsd" name="TestSuite" time="67.743" tests="18" errors="0" skipped="0" failures="0">
  <properties>
[...]
</properties>
  <testcase name="registrationPageTest" classname="com.newtours.Tests.BookFlightTest" time="30.867"/>
  <testcase name="registrationPageTest" classname="com.newtours.Tests.BookFlightTest" time="0.053"/>
  <testcase name="registrationPageTest" classname="com.newtours.Tests.BookFlightTest" time="0.079"/>
  <testcase name="registrationConfirmationPage" classname="com.newtours.Tests.BookFlightTest" time="1.284"/>
  <testcase name="registrationConfirmationPage" classname="com.newtours.Tests.BookFlightTest" time="0.029"/>
  <testcase name="registrationConfirmationPage" classname="com.newtours.Tests.BookFlightTest" time="0.143"/>
  <testcase name="flightDetailsPage" classname="com.newtours.Tests.BookFlightTest" time="1.723"/>
  <testcase name="flightDetailsPage" classname="com.newtours.Tests.BookFlightTest" time="0.084"/>
  <testcase name="flightDetailsPage" classname="com.newtours.Tests.BookFlightTest" time="0.086"/>
  <testcase name="findFlightpage" classname="com.newtours.Tests.BookFlightTest" time="4.225"/>
  <testcase name="findFlightpage" classname="com.newtours.Tests.BookFlightTest" time="0.791"/>
  <testcase name="findFlightpage" classname="com.newtours.Tests.BookFlightTest" time="0.242"/>
  <testcase name="flightConfirmationPage" classname="com.newtours.Tests.BookFlightTest" time="1.496"/>
  <testcase name="flightConfirmationPage" classname="com.newtours.Tests.BookFlightTest" time="3.042"/>
  <testcase name="flightConfirmationPage" classname="com.newtours.Tests.BookFlightTest" time="3.906"/>
  <testcase name="search" classname="com.searchmodule.tests.SearchTest" time="12.249"/>
  <testcase name="search" classname="com.searchmodule.tests.SearchTest" time="12.355"/>
  <testcase name="search" classname="com.searchmodule.tests.SearchTest" time="14.316"/>
</testsuite>