<?xml version="1.0" encoding="UTF-8"?>
<testng-results skipped="0" failed="0" ignored="0" total="18" passed="18">
  <reporter-output>
  </reporter-output>
  <suite name="Book a Flight" duration-ms="48950" started-at="2020-04-08T10:41:56Z" finished-at="2020-04-08T10:42:45Z">
    <groups>
    </groups>
    <test name="BookFlight-2" duration-ms="46541" started-at="2020-04-08T10:41:56Z" finished-at="2020-04-08T10:42:43Z">
      <class name="com.newtours.Tests.BookFlightTest">
        <test-method status="PASS" signature="setUpDriver()[pri:0, instance:com.newtours.Tests.BookFlightTest@197c004]" name="setUpDriver" is-config="true" duration-ms="5343" started-at="2020-04-08T10:41:56Z" finished-at="2020-04-08T10:42:02Z">
          <reporter-output>
          </reporter-output>
        </test-method> <!-- setUpDriver -->
        <test-method status="PASS" signature="setUpParameters(java.lang.String, java.lang.String)[pri:0, instance:com.newtours.Tests.BookFlightTest@197c004]" name="setUpParameters" is-config="true" duration-ms="1" started-at="2020-04-08T10:42:02Z" depends-on-methods="tests.BaseTest.setUpDriver" finished-at="2020-04-08T10:42:02Z">
          <params>
            <param index="0">
              <value>
                <![CDATA[3]]>
              </value>
            </param>
            <param index="1">
              <value>
                <![CDATA[$1753 USD]]>
              </value>
            </param>
          </params>
          <reporter-output>
          </reporter-output>
        </test-method> <!-- setUpParameters -->
        <test-method status="PASS" signature="registrationPageTest()[pri:0, instance:com.newtours.Tests.BookFlightTest@197c004]" name="registrationPageTest" duration-ms="30921" started-at="2020-04-08T10:42:02Z" finished-at="2020-04-08T10:42:33Z">
          <reporter-output>
          </reporter-output>
        </test-method> <!-- registrationPageTest -->
        <test-method status="PASS" signature="registrationConfirmationPage()[pri:0, instance:com.newtours.Tests.BookFlightTest@197c004]" name="registrationConfirmationPage" duration-ms="1364" started-at="2020-04-08T10:42:33Z" depends-on-methods="com.newtours.Tests.BookFlightTest.registrationPageTest" finished-at="2020-04-08T10:42:34Z">
          <reporter-output>
          </reporter-output>
        </test-method> <!-- registrationConfirmationPage -->
        <test-method status="PASS" signature="flightDetailsPage()[pri:0, instance:com.newtours.Tests.BookFlightTest@197c004]" name="flightDetailsPage" duration-ms="1896" started-at="2020-04-08T10:42:34Z" depends-on-methods="com.newtours.Tests.BookFlightTest.registrationConfirmationPage" finished-at="2020-04-08T10:42:36Z">
          <reporter-output>
          </reporter-output>
        </test-method> <!-- flightDetailsPage -->
        <test-method status="PASS" signature="findFlightpage()[pri:0, instance:com.newtours.Tests.BookFlightTest@197c004]" name="findFlightpage" duration-ms="5191" started-at="2020-04-08T10:42:36Z" depends-on-methods="com.newtours.Tests.BookFlightTest.flightDetailsPage" finished-at="2020-04-08T10:42:41Z">
          <reporter-output>
          </reporter-output>
        </test-method> <!-- findFlightpage -->
        <test-method status="PASS" signature="flightConfirmationPage()[pri:0, instance:com.newtours.Tests.BookFlightTest@197c004]" name="flightConfirmationPage" duration-ms="1739" started-at="2020-04-08T10:42:41Z" depends-on-methods="com.newtours.Tests.BookFlightTest.findFlightpage" finished-at="2020-04-08T10:42:43Z">
          <reporter-output>
          </reporter-output>
        </test-method> <!-- flightConfirmationPage -->
        <test-method status="PASS" signature="tearDown()[pri:0, instance:com.newtours.Tests.BookFlightTest@197c004]" name="tearDown" is-config="true" duration-ms="66" started-at="2020-04-08T10:42:43Z" finished-at="2020-04-08T10:42:43Z">
          <reporter-output>
          </reporter-output>
        </test-method> <!-- tearDown -->
      </class> <!-- com.newtours.Tests.BookFlightTest -->
    </test> <!-- BookFlight-2 -->
    <test name="BookFlight-1" duration-ms="48084" started-at="2020-04-08T10:41:56Z" finished-at="2020-04-08T10:42:44Z">
      <class name="com.newtours.Tests.BookFlightTest">
        <test-method status="PASS" signature="setUpDriver()[pri:0, instance:com.newtours.Tests.BookFlightTest@137cf78]" name="setUpDriver" is-config="true" duration-ms="5315" started-at="2020-04-08T10:41:56Z" finished-at="2020-04-08T10:42:02Z">
          <reporter-output>
          </reporter-output>
        </test-method> <!-- setUpDriver -->
        <test-method status="PASS" signature="setUpParameters(java.lang.String, java.lang.String)[pri:0, instance:com.newtours.Tests.BookFlightTest@137cf78]" name="setUpParameters" is-config="true" duration-ms="12" started-at="2020-04-08T10:42:02Z" depends-on-methods="tests.BaseTest.setUpDriver" finished-at="2020-04-08T10:42:02Z">
          <params>
            <param index="0">
              <value>
                <![CDATA[2]]>
              </value>
            </param>
            <param index="1">
              <value>
                <![CDATA[$1169 USD]]>
              </value>
            </param>
          </params>
          <reporter-output>
          </reporter-output>
        </test-method> <!-- setUpParameters -->
        <test-method status="PASS" signature="registrationPageTest()[pri:0, instance:com.newtours.Tests.BookFlightTest@137cf78]" name="registrationPageTest" duration-ms="30865" started-at="2020-04-08T10:42:02Z" finished-at="2020-04-08T10:42:33Z">
          <reporter-output>
          </reporter-output>
        </test-method> <!-- registrationPageTest -->
        <test-method status="PASS" signature="registrationConfirmationPage()[pri:0, instance:com.newtours.Tests.BookFlightTest@137cf78]" name="registrationConfirmationPage" duration-ms="1590" started-at="2020-04-08T10:42:33Z" depends-on-methods="com.newtours.Tests.BookFlightTest.registrationPageTest" finished-at="2020-04-08T10:42:34Z">
          <reporter-output>
          </reporter-output>
        </test-method> <!-- registrationConfirmationPage -->
        <test-method status="PASS" signature="flightDetailsPage()[pri:0, instance:com.newtours.Tests.BookFlightTest@137cf78]" name="flightDetailsPage" duration-ms="1895" started-at="2020-04-08T10:42:34Z" depends-on-methods="com.newtours.Tests.BookFlightTest.registrationConfirmationPage" finished-at="2020-04-08T10:42:36Z">
          <reporter-output>
          </reporter-output>
        </test-method> <!-- flightDetailsPage -->
        <test-method status="PASS" signature="findFlightpage()[pri:0, instance:com.newtours.Tests.BookFlightTest@137cf78]" name="findFlightpage" duration-ms="5261" started-at="2020-04-08T10:42:36Z" depends-on-methods="com.newtours.Tests.BookFlightTest.flightDetailsPage" finished-at="2020-04-08T10:42:41Z">
          <reporter-output>
          </reporter-output>
        </test-method> <!-- findFlightpage -->
        <test-method status="PASS" signature="flightConfirmationPage()[pri:0, instance:com.newtours.Tests.BookFlightTest@137cf78]" name="flightConfirmationPage" duration-ms="3043" started-at="2020-04-08T10:42:41Z" depends-on-methods="com.newtours.Tests.BookFlightTest.findFlightpage" finished-at="2020-04-08T10:42:44Z">
          <reporter-output>
          </reporter-output>
        </test-method> <!-- flightConfirmationPage -->
        <test-method status="PASS" signature="tearDown()[pri:0, instance:com.newtours.Tests.BookFlightTest@137cf78]" name="tearDown" is-config="true" duration-ms="64" started-at="2020-04-08T10:42:44Z" finished-at="2020-04-08T10:42:44Z">
          <reporter-output>
          </reporter-output>
        </test-method> <!-- tearDown -->
      </class> <!-- com.newtours.Tests.BookFlightTest -->
    </test> <!-- BookFlight-1 -->
    <test name="BookFlight-3" duration-ms="48950" started-at="2020-04-08T10:41:56Z" finished-at="2020-04-08T10:42:45Z">
      <class name="com.newtours.Tests.BookFlightTest">
        <test-method status="PASS" signature="setUpDriver()[pri:0, instance:com.newtours.Tests.BookFlightTest@24a67]" name="setUpDriver" is-config="true" duration-ms="5315" started-at="2020-04-08T10:41:56Z" finished-at="2020-04-08T10:42:02Z">
          <reporter-output>
          </reporter-output>
        </test-method> <!-- setUpDriver -->
        <test-method status="PASS" signature="setUpParameters(java.lang.String, java.lang.String)[pri:0, instance:com.newtours.Tests.BookFlightTest@24a67]" name="setUpParameters" is-config="true" duration-ms="12" started-at="2020-04-08T10:42:02Z" depends-on-methods="tests.BaseTest.setUpDriver" finished-at="2020-04-08T10:42:02Z">
          <params>
            <param index="0">
              <value>
                <![CDATA[4]]>
              </value>
            </param>
            <param index="1">
              <value>
                <![CDATA[$2338 USD]]>
              </value>
            </param>
          </params>
          <reporter-output>
          </reporter-output>
        </test-method> <!-- setUpParameters -->
        <test-method status="PASS" signature="registrationPageTest()[pri:0, instance:com.newtours.Tests.BookFlightTest@24a67]" name="registrationPageTest" duration-ms="31002" started-at="2020-04-08T10:42:02Z" finished-at="2020-04-08T10:42:33Z">
          <reporter-output>
          </reporter-output>
        </test-method> <!-- registrationPageTest -->
        <test-method status="PASS" signature="registrationConfirmationPage()[pri:0, instance:com.newtours.Tests.BookFlightTest@24a67]" name="registrationConfirmationPage" duration-ms="1312" started-at="2020-04-08T10:42:33Z" depends-on-methods="com.newtours.Tests.BookFlightTest.registrationPageTest" finished-at="2020-04-08T10:42:34Z">
          <reporter-output>
          </reporter-output>
        </test-method> <!-- registrationConfirmationPage -->
        <test-method status="PASS" signature="flightDetailsPage()[pri:0, instance:com.newtours.Tests.BookFlightTest@24a67]" name="flightDetailsPage" duration-ms="1952" started-at="2020-04-08T10:42:34Z" depends-on-methods="com.newtours.Tests.BookFlightTest.registrationConfirmationPage" finished-at="2020-04-08T10:42:36Z">
          <reporter-output>
          </reporter-output>
        </test-method> <!-- flightDetailsPage -->
        <test-method status="PASS" signature="findFlightpage()[pri:0, instance:com.newtours.Tests.BookFlightTest@24a67]" name="findFlightpage" duration-ms="4312" started-at="2020-04-08T10:42:36Z" depends-on-methods="com.newtours.Tests.BookFlightTest.flightDetailsPage" finished-at="2020-04-08T10:42:40Z">
          <reporter-output>
          </reporter-output>
        </test-method> <!-- findFlightpage -->
        <test-method status="PASS" signature="flightConfirmationPage()[pri:0, instance:com.newtours.Tests.BookFlightTest@24a67]" name="flightConfirmationPage" duration-ms="4941" started-at="2020-04-08T10:42:40Z" depends-on-methods="com.newtours.Tests.BookFlightTest.findFlightpage" finished-at="2020-04-08T10:42:45Z">
          <reporter-output>
          </reporter-output>
        </test-method> <!-- flightConfirmationPage -->
        <test-method status="PASS" signature="tearDown()[pri:0, instance:com.newtours.Tests.BookFlightTest@24a67]" name="tearDown" is-config="true" duration-ms="66" started-at="2020-04-08T10:42:45Z" finished-at="2020-04-08T10:42:45Z">
          <reporter-output>
          </reporter-output>
        </test-method> <!-- tearDown -->
      </class> <!-- com.newtours.Tests.BookFlightTest -->
    </test> <!-- BookFlight-3 -->
  </suite> <!-- Book a Flight -->
  <suite name="Book a Flight (0)" duration-ms="17828" started-at="2020-04-08T10:42:45Z" finished-at="2020-04-08T10:43:03Z">
    <groups>
    </groups>
    <test name="SearchTest-2" duration-ms="15770" started-at="2020-04-08T10:42:45Z" finished-at="2020-04-08T10:43:01Z">
      <class name="com.searchmodule.tests.SearchTest">
        <test-method status="PASS" signature="setUpDriver()[pri:0, instance:com.searchmodule.tests.SearchTest@c87b21]" name="setUpDriver" is-config="true" duration-ms="2772" started-at="2020-04-08T10:42:45Z" finished-at="2020-04-08T10:42:48Z">
          <reporter-output>
          </reporter-output>
        </test-method> <!-- setUpDriver -->
        <test-method status="PASS" signature="search(java.lang.String)[pri:0, instance:com.searchmodule.tests.SearchTest@c87b21]" name="search" duration-ms="12874" started-at="2020-04-08T10:42:48Z" finished-at="2020-04-08T10:43:01Z">
          <params>
            <param index="0">
              <value>
                <![CDATA[java]]>
              </value>
            </param>
          </params>
          <reporter-output>
          </reporter-output>
        </test-method> <!-- search -->
        <test-method status="PASS" signature="tearDown()[pri:0, instance:com.searchmodule.tests.SearchTest@c87b21]" name="tearDown" is-config="true" duration-ms="123" started-at="2020-04-08T10:43:01Z" finished-at="2020-04-08T10:43:01Z">
          <reporter-output>
          </reporter-output>
        </test-method> <!-- tearDown -->
      </class> <!-- com.searchmodule.tests.SearchTest -->
    </test> <!-- SearchTest-2 -->
    <test name="SearchTest" duration-ms="15908" started-at="2020-04-08T10:42:45Z" finished-at="2020-04-08T10:43:01Z">
      <class name="com.searchmodule.tests.SearchTest">
        <test-method status="PASS" signature="setUpDriver()[pri:0, instance:com.searchmodule.tests.SearchTest@2f32ff]" name="setUpDriver" is-config="true" duration-ms="2779" started-at="2020-04-08T10:42:45Z" finished-at="2020-04-08T10:42:48Z">
          <reporter-output>
          </reporter-output>
        </test-method> <!-- setUpDriver -->
        <test-method status="PASS" signature="search(java.lang.String)[pri:0, instance:com.searchmodule.tests.SearchTest@2f32ff]" name="search" duration-ms="12761" started-at="2020-04-08T10:42:48Z" finished-at="2020-04-08T10:43:01Z">
          <params>
            <param index="0">
              <value>
                <![CDATA[webdriver]]>
              </value>
            </param>
          </params>
          <reporter-output>
          </reporter-output>
        </test-method> <!-- search -->
        <test-method status="PASS" signature="tearDown()[pri:0, instance:com.searchmodule.tests.SearchTest@2f32ff]" name="tearDown" is-config="true" duration-ms="366" started-at="2020-04-08T10:43:01Z" finished-at="2020-04-08T10:43:01Z">
          <reporter-output>
          </reporter-output>
        </test-method> <!-- tearDown -->
      </class> <!-- com.searchmodule.tests.SearchTest -->
    </test> <!-- SearchTest -->
    <test name="SearchTest-3" duration-ms="17828" started-at="2020-04-08T10:42:45Z" finished-at="2020-04-08T10:43:03Z">
      <class name="com.searchmodule.tests.SearchTest">
        <test-method status="PASS" signature="setUpDriver()[pri:0, instance:com.searchmodule.tests.SearchTest@1fcfece]" name="setUpDriver" is-config="true" duration-ms="3292" started-at="2020-04-08T10:42:45Z" finished-at="2020-04-08T10:42:49Z">
          <reporter-output>
          </reporter-output>
        </test-method> <!-- setUpDriver -->
        <test-method status="PASS" signature="search(java.lang.String)[pri:0, instance:com.searchmodule.tests.SearchTest@1fcfece]" name="search" duration-ms="14311" started-at="2020-04-08T10:42:49Z" finished-at="2020-04-08T10:43:03Z">
          <params>
            <param index="0">
              <value>
                <![CDATA[kubernetes]]>
              </value>
            </param>
          </params>
          <reporter-output>
          </reporter-output>
        </test-method> <!-- search -->
        <test-method status="PASS" signature="tearDown()[pri:0, instance:com.searchmodule.tests.SearchTest@1fcfece]" name="tearDown" is-config="true" duration-ms="224" started-at="2020-04-08T10:43:03Z" finished-at="2020-04-08T10:43:03Z">
          <reporter-output>
          </reporter-output>
        </test-method> <!-- tearDown -->
      </class> <!-- com.searchmodule.tests.SearchTest -->
    </test> <!-- SearchTest-3 -->
  </suite> <!-- Book a Flight (0) -->
</testng-results>
