<?xml version="1.0" encoding="UTF-8"?>
<!-- Generated by org.testng.reporters.JUnitXMLReporter -->
<testsuite hostname="DESKTOP-QH7MF66" ignored="0" name="BookFlight-1" tests="5" failures="0" timestamp="08 Apr 2020 10:42:44 GMT" time="48.084" errors="0">
  <testcase name="registrationPageTest" time="30.865" classname="com.newtours.Tests.BookFlightTest"/>
  <testcase name="registrationConfirmationPage" time="1.59" classname="com.newtours.Tests.BookFlightTest"/>
  <testcase name="flightDetailsPage" time="1.895" classname="com.newtours.Tests.BookFlightTest"/>
  <testcase name="findFlightpage" time="5.261" classname="com.newtours.Tests.BookFlightTest"/>
  <testcase name="flightConfirmationPage" time="3.043" classname="com.newtours.Tests.BookFlightTest"/>
</testsuite> <!-- BookFlight-1 -->
