<?xml version="1.0" encoding="UTF-8"?>
<!-- Generated by org.testng.reporters.JUnitXMLReporter -->
<testsuite hostname="DESKTOP-QH7MF66" ignored="0" name="BookFlight-3" tests="5" failures="0" timestamp="08 Apr 2020 10:42:45 GMT" time="48.95" errors="0">
  <testcase name="registrationPageTest" time="31.002" classname="com.newtours.Tests.BookFlightTest"/>
  <testcase name="registrationConfirmationPage" time="1.312" classname="com.newtours.Tests.BookFlightTest"/>
  <testcase name="flightDetailsPage" time="1.952" classname="com.newtours.Tests.BookFlightTest"/>
  <testcase name="findFlightpage" time="4.312" classname="com.newtours.Tests.BookFlightTest"/>
  <testcase name="flightConfirmationPage" time="4.941" classname="com.newtours.Tests.BookFlightTest"/>
</testsuite> <!-- BookFlight-3 -->
