<?xml version="1.0" encoding="UTF-8"?>
<!-- Generated by org.testng.reporters.JUnitXMLReporter -->
<testsuite hostname="DESKTOP-QH7MF66" ignored="0" name="BookFlight-2" tests="5" failures="0" timestamp="08 Apr 2020 10:42:43 GMT" time="46.541" errors="0">
  <testcase name="registrationPageTest" time="30.921" classname="com.newtours.Tests.BookFlightTest"/>
  <testcase name="registrationConfirmationPage" time="1.364" classname="com.newtours.Tests.BookFlightTest"/>
  <testcase name="flightDetailsPage" time="1.896" classname="com.newtours.Tests.BookFlightTest"/>
  <testcase name="findFlightpage" time="5.191" classname="com.newtours.Tests.BookFlightTest"/>
  <testcase name="flightConfirmationPage" time="1.739" classname="com.newtours.Tests.BookFlightTest"/>
</testsuite> <!-- BookFlight-2 -->
